2023-12-15 21:57:07,530 ERROR update=Update(update_id=778463597, message=None, edited_message=None, channel_post=None, edited_channel_post=None, inline_query=None, chosen_inline_result=None, callback_query=CallbackQuery(id='4138747939133692974', from_user=User(id=963627346, is_bot=False, first_name='DS', last_name=None, username='MrAbagnaleJr', language_code='ru', is_premium=None, added_to_attachment_menu=None, can_join_groups=None, can_read_all_group_messages=None, supports_inline_queries=None), chat_instance='-7559819451473947759', message=Message(message_id=178, date=datetime.datetime(2023, 12, 15, 18, 56, 25, tzinfo=TzInfo(UTC)), chat=Chat(id=963627346, type='private', title=None, username='MrAbagnaleJr', first_name='DS', last_name=None, is_forum=None, photo=None, active_usernames=None, emoji_status_custom_emoji_id=None, emoji_status_expiration_date=None, bio=None, has_private_forwards=None, has_restricted_voice_and_video_messages=None, join_to_send_messages=None, join_by_request=None, description=None, invite_link=None, pinned_message=None, permissions=None, slow_mode_delay=None, message_auto_delete_time=None, has_aggressive_anti_spam_enabled=None, has_hidden_members=None, has_protected_content=None, sticker_set_name=None, can_set_sticker_set=None, linked_chat_id=None, location=None), message_thread_id=None, from_user=User(id=6806043338, is_bot=True, first_name='proektbot', last_name=None, username='hseproektbot', language_code=None, is_premium=None, added_to_attachment_menu=None, can_join_groups=None, can_read_all_group_messages=None, supports_inline_queries=None), sender_chat=None, forward_from=None, forward_from_chat=None, forward_from_message_id=None, forward_signature=None, forward_sender_name=None, forward_date=None, is_topic_message=None, is_automatic_forward=None, reply_to_message=None, via_bot=None, edit_date=1702666626, has_protected_content=None, media_group_id=None, author_signature=None, text=None, entities=None, animation=None, audio=None, document=None, photo=[PhotoSize(file_id='AgACAgIAAxkDAAOyZXyhgutwVqUFIBvb7dOmcJ1bF90AApzUMRvAjOBLf9R6OfPJ4cIBAAMCAANzAAMzBA', file_unique_id='AQADnNQxG8CM4Et4', width=90, height=33, file_size=1036), PhotoSize(file_id='AgACAgIAAxkDAAOyZXyhgutwVqUFIBvb7dOmcJ1bF90AApzUMRvAjOBLf9R6OfPJ4cIBAAMCAANtAAMzBA', file_unique_id='AQADnNQxG8CM4Ety', width=320, height=119, file_size=13944), PhotoSize(file_id='AgACAgIAAxkDAAOyZXyhgutwVqUFIBvb7dOmcJ1bF90AApzUMRvAjOBLf9R6OfPJ4cIBAAMCAAN4AAMzBA', file_unique_id='AQADnNQxG8CM4Et9', width=750, height=280, file_size=49095)], sticker=None, story=None, video=None, video_note=None, voice=None, caption='Как Вам следует поступить при повороте направо?\n    \nПравильный ответ:\nВозможны оба варианта действий.\n\nКомментарий:\nСтрелы разметки 1.18 указывают, что на данном перекрестке поворот направо может осуществляться не только с правой, но и с левой полосы. Следовательно, Вы можете выполнить поворот, либо заранее перестроившись на крайнюю правую полосу (занять крайнее правое положение), либо продолжив движение по левой полосе (п. 8.5).', caption_entities=None, has_media_spoiler=None, contact=None, dice=None, game=None, poll=None, venue=None, location=None, new_chat_members=None, left_chat_member=None, new_chat_title=None, new_chat_photo=None, delete_chat_photo=None, group_chat_created=None, supergroup_chat_created=None, channel_chat_created=None, message_auto_delete_timer_changed=None, migrate_to_chat_id=None, migrate_from_chat_id=None, pinned_message=None, invoice=None, successful_payment=None, user_shared=None, chat_shared=None, connected_website=None, write_access_allowed=None, passport_data=None, proximity_alert_triggered=None, forum_topic_created=None, forum_topic_edited=None, forum_topic_closed=None, forum_topic_reopened=None, general_forum_topic_hidden=None, general_forum_topic_unhidden=None, video_chat_scheduled=None, video_chat_started=None, video_chat_ended=None, video_chat_participants_invited=None, web_app_data=None, reply_markup=InlineKeyboardMarkup(inline_keyboard=[[InlineKeyboardButton(text='Следующий вопрос', url=None, callback_data='ticket_question:1:8', web_app=None, login_url=None, switch_inline_query=None, switch_inline_query_current_chat=None, switch_inline_query_chosen_chat=None, callback_game=None, pay=None)]])), inline_message_id=None, data='ticket_question:1:8', game_short_name=None), shipping_query=None, pre_checkout_query=None, poll=None, poll_answer=None, my_chat_member=None, chat_member=None, chat_join_request=None) exception=TelegramBadRequest('Telegram server says - Bad Request: message is not modified: specified new message content and reply markup are exactly the same as a current content and reply markup of the message')
Traceback (most recent call last):
  File "/Users/davidsergienko/Downloads/AIP/v/lib/python3.11/site-packages/aiogram/dispatcher/middlewares/error.py", line 25, in __call__
    return await handler(event, data)
           ^^^^^^^^^^^^^^^^^^^^^^^^^^
  File "/Users/davidsergienko/Downloads/AIP/v/lib/python3.11/site-packages/aiogram/dispatcher/middlewares/user_context.py", line 27, in __call__
    return await handler(event, data)
           ^^^^^^^^^^^^^^^^^^^^^^^^^^
  File "/Library/Frameworks/Python.framework/Versions/3.11/lib/python3.11/contextlib.py", line 222, in __aexit__
    await self.gen.athrow(typ, value, traceback)
  File "/Users/davidsergienko/Downloads/AIP/v/lib/python3.11/site-packages/aiogram/fsm/storage/memory.py", line 56, in lock
    yield
  File "/Users/davidsergienko/Downloads/AIP/v/lib/python3.11/site-packages/aiogram/fsm/middleware.py", line 41, in __call__
    return await handler(event, data)
           ^^^^^^^^^^^^^^^^^^^^^^^^^^
  File "/Users/davidsergienko/Downloads/AIP/v/lib/python3.11/site-packages/aiogram/dispatcher/event/telegram.py", line 121, in trigger
    return await wrapped_inner(event, kwargs)
           ^^^^^^^^^^^^^^^^^^^^^^^^^^^^^^^^^^
  File "/Users/davidsergienko/Downloads/AIP/v/lib/python3.11/site-packages/aiogram/dispatcher/event/handler.py", line 43, in call
    return await wrapped()
           ^^^^^^^^^^^^^^^
  File "/Users/davidsergienko/Downloads/AIP/v/lib/python3.11/site-packages/aiogram/dispatcher/dispatcher.py", line 276, in _listen_update
    return await self.propagate_event(update_type=update_type, event=event, **kwargs)
           ^^^^^^^^^^^^^^^^^^^^^^^^^^^^^^^^^^^^^^^^^^^^^^^^^^^^^^^^^^^^^^^^^^^^^^^^^^
  File "/Users/davidsergienko/Downloads/AIP/v/lib/python3.11/site-packages/aiogram/dispatcher/router.py", line 116, in propagate_event
    return await observer.wrap_outer_middleware(_wrapped, event=event, data=kwargs)
           ^^^^^^^^^^^^^^^^^^^^^^^^^^^^^^^^^^^^^^^^^^^^^^^^^^^^^^^^^^^^^^^^^^^^^^^^
  File "/Users/davidsergienko/Downloads/AIP/v/lib/python3.11/site-packages/aiogram/dispatcher/router.py", line 111, in _wrapped
    return await self._propagate_event(
           ^^^^^^^^^^^^^^^^^^^^^^^^^^^^
  File "/Users/davidsergienko/Downloads/AIP/v/lib/python3.11/site-packages/aiogram/dispatcher/router.py", line 144, in _propagate_event
    response = await router.propagate_event(update_type=update_type, event=event, **kwargs)
               ^^^^^^^^^^^^^^^^^^^^^^^^^^^^^^^^^^^^^^^^^^^^^^^^^^^^^^^^^^^^^^^^^^^^^^^^^^^^
  File "/Users/davidsergienko/Downloads/AIP/v/lib/python3.11/site-packages/aiogram/dispatcher/router.py", line 116, in propagate_event
    return await observer.wrap_outer_middleware(_wrapped, event=event, data=kwargs)
           ^^^^^^^^^^^^^^^^^^^^^^^^^^^^^^^^^^^^^^^^^^^^^^^^^^^^^^^^^^^^^^^^^^^^^^^^
  File "/Users/davidsergienko/Downloads/AIP/v/lib/python3.11/site-packages/aiogram/dispatcher/router.py", line 111, in _wrapped
    return await self._propagate_event(
           ^^^^^^^^^^^^^^^^^^^^^^^^^^^^
  File "/Users/davidsergienko/Downloads/AIP/v/lib/python3.11/site-packages/aiogram/dispatcher/router.py", line 144, in _propagate_event
    response = await router.propagate_event(update_type=update_type, event=event, **kwargs)
               ^^^^^^^^^^^^^^^^^^^^^^^^^^^^^^^^^^^^^^^^^^^^^^^^^^^^^^^^^^^^^^^^^^^^^^^^^^^^
  File "/Users/davidsergienko/Downloads/AIP/v/lib/python3.11/site-packages/aiogram/dispatcher/router.py", line 116, in propagate_event
    return await observer.wrap_outer_middleware(_wrapped, event=event, data=kwargs)
           ^^^^^^^^^^^^^^^^^^^^^^^^^^^^^^^^^^^^^^^^^^^^^^^^^^^^^^^^^^^^^^^^^^^^^^^^
  File "/Users/davidsergienko/Downloads/AIP/v/lib/python3.11/site-packages/aiogram/dispatcher/router.py", line 111, in _wrapped
    return await self._propagate_event(
           ^^^^^^^^^^^^^^^^^^^^^^^^^^^^
  File "/Users/davidsergienko/Downloads/AIP/v/lib/python3.11/site-packages/aiogram/dispatcher/router.py", line 136, in _propagate_event
    response = await observer.trigger(event, **kwargs)
               ^^^^^^^^^^^^^^^^^^^^^^^^^^^^^^^^^^^^^^^
  File "/Users/davidsergienko/Downloads/AIP/v/lib/python3.11/site-packages/aiogram/dispatcher/event/telegram.py", line 121, in trigger
    return await wrapped_inner(event, kwargs)
           ^^^^^^^^^^^^^^^^^^^^^^^^^^^^^^^^^^
  File "/Users/davidsergienko/Downloads/AIP/AIPPROEKT/bot/state/__init__.py", line 14, in state_data_middleware
    return await handler(event, data)
           ^^^^^^^^^^^^^^^^^^^^^^^^^^
  File "/Users/davidsergienko/Downloads/AIP/v/lib/python3.11/site-packages/aiogram/dispatcher/event/handler.py", line 43, in call
    return await wrapped()
           ^^^^^^^^^^^^^^^
  File "/Users/davidsergienko/Downloads/AIP/AIPPROEKT/bot/routers/user/start.py", line 203, in ticket_question_handler
    await handle_next_question(
  File "/Users/davidsergienko/Downloads/AIP/AIPPROEKT/bot/routers/user/start.py", line 81, in handle_next_question
    await question_message.edit_media(  # type: ignore
  File "/Users/davidsergienko/Downloads/AIP/v/lib/python3.11/site-packages/aiogram/methods/base.py", line 84, in emit
    return await bot(self)
           ^^^^^^^^^^^^^^^
  File "/Users/davidsergienko/Downloads/AIP/v/lib/python3.11/site-packages/aiogram/client/bot.py", line 432, in __call__
    return await self.session(self, method, timeout=request_timeout)
           ^^^^^^^^^^^^^^^^^^^^^^^^^^^^^^^^^^^^^^^^^^^^^^^^^^^^^^^^^
  File "/Users/davidsergienko/Downloads/AIP/v/lib/python3.11/site-packages/aiogram/client/session/base.py", line 257, in __call__
    return cast(TelegramType, await middleware(bot, method))
                              ^^^^^^^^^^^^^^^^^^^^^^^^^^^^^
  File "/Users/davidsergienko/Downloads/AIP/v/lib/python3.11/site-packages/aiogram/client/session/aiohttp.py", line 179, in make_request
    response = self.check_response(
               ^^^^^^^^^^^^^^^^^^^^
  File "/Users/davidsergienko/Downloads/AIP/v/lib/python3.11/site-packages/aiogram/client/session/base.py", line 120, in check_response
    raise TelegramBadRequest(method=method, message=description)
aiogram.exceptions.TelegramBadRequest: Telegram server says - Bad Request: message is not modified: specified new message content and reply markup are exactly the same as a current content and reply markup of the message
